<?xml version="1.0" encoding="UTF-8"?>
<!-- Generated by org.testng.reporters.JUnitReportReporter -->
<testsuite hostname="DESKTOP-JC941S9" failures="0" tests="5" name="test.TestGeneral" time="0.447" errors="0" timestamp="2021-10-06T10:09:06 COT" skipped="0">
  <testcase classname="test.TestGeneral" name="verificarCargaTipoProductos" time="0.023"/>
  <system-out/>
  <testcase classname="test.TestGeneral" name="verificarCargaUnidMedidas" time="0.023"/>
  <system-out/>
  <testcase classname="test.TestGeneral" name="verificarConexion" time="0.018"/>
  <system-out/>
  <testcase classname="test.TestGeneral" name="consultarProductosFiltro" time="0.357"/>
  <system-out/>
  <testcase classname="test.TestGeneral" name="verificarCargaProductos" time="0.026"/>
  <system-out/>
</testsuite> <!-- test.TestGeneral -->
