<?xml version="1.0" encoding="UTF-8"?>
<!-- Generated by org.testng.reporters.JUnitReportReporter -->
<testsuite hostname="DESKTOP-JC941S9" failures="0" tests="2" name="test.TestGeneral" time="0.408" errors="0" timestamp="2021-09-15T09:59:40 COT" skipped="0">
  <testcase classname="test.TestGeneral" name="verificarConexion" time="0.023"/>
  <system-out/>
  <testcase classname="test.TestGeneral" name="verificarCargaProductos" time="0.385"/>
  <system-out/>
</testsuite> <!-- test.TestGeneral -->
