<?xml version="1.0" encoding="UTF-8"?>
<!-- Generated by org.testng.reporters.JUnitReportReporter -->
<testsuite hostname="DESKTOP-JC941S9" failures="0" tests="2" name="test.TestGeneral" time="0.374" errors="0" timestamp="2021-09-17T13:17:41 COT" skipped="0">
  <testcase classname="test.TestGeneral" name="verificarConexion" time="0.025"/>
  <system-out/>
  <testcase classname="test.TestGeneral" name="verificarCargaProductos" time="0.349"/>
  <system-out/>
</testsuite> <!-- test.TestGeneral -->
