<?xml version="1.0" encoding="UTF-8"?>
<!-- Generated by org.testng.reporters.JUnitReportReporter -->
<testsuite hostname="DESKTOP-JC941S9" failures="0" tests="5" name="test.TestGeneral" time="0.449" errors="0" timestamp="2021-09-28T22:40:42 COT" skipped="0">
  <testcase classname="test.TestGeneral" name="verificarCargaTipoProductos" time="0.021"/>
  <system-out/>
  <testcase classname="test.TestGeneral" name="verificarCargaUnidMedidas" time="0.021"/>
  <system-out/>
  <testcase classname="test.TestGeneral" name="verificarConexion" time="0.021"/>
  <system-out/>
  <testcase classname="test.TestGeneral" name="consultarProductosFiltro" time="0.362"/>
  <system-out/>
  <testcase classname="test.TestGeneral" name="verificarCargaProductos" time="0.024"/>
  <system-out/>
</testsuite> <!-- test.TestGeneral -->
